<?xml version="1.0" encoding="UTF-8"?>
<testng-results skipped="0" failed="3" total="3" passed="0">
  <reporter-output>
  </reporter-output>
  <suite name="Suite" duration-ms="26464" started-at="2019-04-12T08:58:34Z" finished-at="2019-04-12T08:59:00Z">
    <groups>
    </groups>
    <test name="IETest" duration-ms="3737" started-at="2019-04-12T08:58:34Z" finished-at="2019-04-12T08:58:37Z">
      <class name="WebPage.HomePageTest">
        <test-method status="PASS" signature="beforeTest(java.lang.String)[pri:0, instance:WebPage.HomePageTest@6442b0a6]" name="beforeTest" is-config="true" duration-ms="3697" started-at="2019-04-12T04:58:34Z" finished-at="2019-04-12T04:58:37Z">
          <params>
            <param index="0">
              <value>
                <![CDATA[ie]]>
              </value>
            </param>
          </params>
          <reporter-output>
          </reporter-output>
        </test-method> <!-- beforeTest -->
        <test-method status="FAIL" signature="VerifyMenu_HomePage(java.lang.String)[pri:0, instance:WebPage.HomePageTest@6442b0a6]" name="VerifyMenu_HomePage" duration-ms="7" started-at="2019-04-12T04:58:37Z" finished-at="2019-04-12T04:58:37Z">
          <params>
            <param index="0">
              <value>
                <![CDATA[ie]]>
              </value>
            </param>
          </params>
          <exception class="java.lang.IllegalArgumentException">
            <message>
              <![CDATA[Cannot find elements when the XPath is null.]]>
            </message>
            <full-stacktrace>
              <![CDATA[java.lang.IllegalArgumentException: Cannot find elements when the XPath is null.
	at org.openqa.selenium.By$ByXPath.<init>(By.java:339)
	at org.openqa.selenium.By.xpath(By.java:92)
	at WebPage.HomePageTest.VerifyMenu_HomePage(HomePageTest.java:153)
	at sun.reflect.NativeMethodAccessorImpl.invoke0(Native Method)
	at sun.reflect.NativeMethodAccessorImpl.invoke(Unknown Source)
	at sun.reflect.DelegatingMethodAccessorImpl.invoke(Unknown Source)
	at java.lang.reflect.Method.invoke(Unknown Source)
	at org.testng.internal.MethodInvocationHelper.invokeMethod(MethodInvocationHelper.java:80)
	at org.testng.internal.Invoker.invokeMethod(Invoker.java:714)
	at org.testng.internal.Invoker.invokeTestMethod(Invoker.java:901)
	at org.testng.internal.Invoker.invokeTestMethods(Invoker.java:1231)
	at org.testng.internal.TestMethodWorker.invokeTestMethods(TestMethodWorker.java:127)
	at org.testng.internal.TestMethodWorker.run(TestMethodWorker.java:111)
	at org.testng.TestRunner.privateRun(TestRunner.java:767)
	at org.testng.TestRunner.run(TestRunner.java:617)
	at org.testng.SuiteRunner.runTest(SuiteRunner.java:334)
	at org.testng.SuiteRunner.access$000(SuiteRunner.java:37)
	at org.testng.SuiteRunner$SuiteWorker.run(SuiteRunner.java:368)
	at org.testng.internal.thread.ThreadUtil$2.call(ThreadUtil.java:64)
	at java.util.concurrent.FutureTask.run(Unknown Source)
	at java.util.concurrent.ThreadPoolExecutor.runWorker(Unknown Source)
	at java.util.concurrent.ThreadPoolExecutor$Worker.run(Unknown Source)
	at java.lang.Thread.run(Unknown Source)
]]>
            </full-stacktrace>
          </exception> <!-- java.lang.IllegalArgumentException -->
          <reporter-output>
          </reporter-output>
        </test-method> <!-- VerifyMenu_HomePage -->
        <test-method status="PASS" signature="afterTest()[pri:0, instance:WebPage.HomePageTest@6442b0a6]" name="afterTest" is-config="true" duration-ms="20" started-at="2019-04-12T04:58:37Z" finished-at="2019-04-12T04:58:37Z">
          <reporter-output>
          </reporter-output>
        </test-method> <!-- afterTest -->
      </class> <!-- WebPage.HomePageTest -->
    </test> <!-- IETest -->
    <test name="ChromeTest" duration-ms="7737" started-at="2019-04-12T08:58:34Z" finished-at="2019-04-12T08:58:41Z">
      <class name="WebPage.HomePageTest">
        <test-method status="PASS" signature="beforeTest(java.lang.String)[pri:0, instance:WebPage.HomePageTest@62043840]" name="beforeTest" is-config="true" duration-ms="7667" started-at="2019-04-12T04:58:34Z" finished-at="2019-04-12T04:58:41Z">
          <params>
            <param index="0">
              <value>
                <![CDATA[chrome]]>
              </value>
            </param>
          </params>
          <reporter-output>
          </reporter-output>
        </test-method> <!-- beforeTest -->
        <test-method status="FAIL" signature="VerifyMenu_HomePage(java.lang.String)[pri:0, instance:WebPage.HomePageTest@62043840]" name="VerifyMenu_HomePage" duration-ms="0" started-at="2019-04-12T04:58:41Z" finished-at="2019-04-12T04:58:41Z">
          <params>
            <param index="0">
              <value>
                <![CDATA[chrome]]>
              </value>
            </param>
          </params>
          <exception class="java.lang.IllegalArgumentException">
            <message>
              <![CDATA[Cannot find elements when the XPath is null.]]>
            </message>
            <full-stacktrace>
              <![CDATA[java.lang.IllegalArgumentException: Cannot find elements when the XPath is null.
	at org.openqa.selenium.By$ByXPath.<init>(By.java:339)
	at org.openqa.selenium.By.xpath(By.java:92)
	at WebPage.HomePageTest.VerifyMenu_HomePage(HomePageTest.java:153)
	at sun.reflect.NativeMethodAccessorImpl.invoke0(Native Method)
	at sun.reflect.NativeMethodAccessorImpl.invoke(Unknown Source)
	at sun.reflect.DelegatingMethodAccessorImpl.invoke(Unknown Source)
	at java.lang.reflect.Method.invoke(Unknown Source)
	at org.testng.internal.MethodInvocationHelper.invokeMethod(MethodInvocationHelper.java:80)
	at org.testng.internal.Invoker.invokeMethod(Invoker.java:714)
	at org.testng.internal.Invoker.invokeTestMethod(Invoker.java:901)
	at org.testng.internal.Invoker.invokeTestMethods(Invoker.java:1231)
	at org.testng.internal.TestMethodWorker.invokeTestMethods(TestMethodWorker.java:127)
	at org.testng.internal.TestMethodWorker.run(TestMethodWorker.java:111)
	at org.testng.TestRunner.privateRun(TestRunner.java:767)
	at org.testng.TestRunner.run(TestRunner.java:617)
	at org.testng.SuiteRunner.runTest(SuiteRunner.java:334)
	at org.testng.SuiteRunner.access$000(SuiteRunner.java:37)
	at org.testng.SuiteRunner$SuiteWorker.run(SuiteRunner.java:368)
	at org.testng.internal.thread.ThreadUtil$2.call(ThreadUtil.java:64)
	at java.util.concurrent.FutureTask.run(Unknown Source)
	at java.util.concurrent.ThreadPoolExecutor.runWorker(Unknown Source)
	at java.util.concurrent.ThreadPoolExecutor$Worker.run(Unknown Source)
	at java.lang.Thread.run(Unknown Source)
]]>
            </full-stacktrace>
          </exception> <!-- java.lang.IllegalArgumentException -->
          <reporter-output>
          </reporter-output>
        </test-method> <!-- VerifyMenu_HomePage -->
        <test-method status="PASS" signature="afterTest()[pri:0, instance:WebPage.HomePageTest@62043840]" name="afterTest" is-config="true" duration-ms="68" started-at="2019-04-12T04:58:41Z" finished-at="2019-04-12T04:58:41Z">
          <reporter-output>
          </reporter-output>
        </test-method> <!-- afterTest -->
      </class> <!-- WebPage.HomePageTest -->
    </test> <!-- ChromeTest -->
    <test name="firefoxTest" duration-ms="26464" started-at="2019-04-12T08:58:34Z" finished-at="2019-04-12T08:59:00Z">
      <class name="WebPage.HomePageTest">
        <test-method status="PASS" signature="beforeTest(java.lang.String)[pri:0, instance:WebPage.HomePageTest@3f2a3a5]" name="beforeTest" is-config="true" duration-ms="25632" started-at="2019-04-12T04:58:34Z" finished-at="2019-04-12T04:58:59Z">
          <params>
            <param index="0">
              <value>
                <![CDATA[firefox]]>
              </value>
            </param>
          </params>
          <reporter-output>
          </reporter-output>
        </test-method> <!-- beforeTest -->
        <test-method status="FAIL" signature="VerifyMenu_HomePage(java.lang.String)[pri:0, instance:WebPage.HomePageTest@3f2a3a5]" name="VerifyMenu_HomePage" duration-ms="0" started-at="2019-04-12T04:58:59Z" finished-at="2019-04-12T04:58:59Z">
          <params>
            <param index="0">
              <value>
                <![CDATA[firefox]]>
              </value>
            </param>
          </params>
          <exception class="java.lang.IllegalArgumentException">
            <message>
              <![CDATA[Cannot find elements when the XPath is null.]]>
            </message>
            <full-stacktrace>
              <![CDATA[java.lang.IllegalArgumentException: Cannot find elements when the XPath is null.
	at org.openqa.selenium.By$ByXPath.<init>(By.java:339)
	at org.openqa.selenium.By.xpath(By.java:92)
	at WebPage.HomePageTest.VerifyMenu_HomePage(HomePageTest.java:153)
	at sun.reflect.NativeMethodAccessorImpl.invoke0(Native Method)
	at sun.reflect.NativeMethodAccessorImpl.invoke(Unknown Source)
	at sun.reflect.DelegatingMethodAccessorImpl.invoke(Unknown Source)
	at java.lang.reflect.Method.invoke(Unknown Source)
	at org.testng.internal.MethodInvocationHelper.invokeMethod(MethodInvocationHelper.java:80)
	at org.testng.internal.Invoker.invokeMethod(Invoker.java:714)
	at org.testng.internal.Invoker.invokeTestMethod(Invoker.java:901)
	at org.testng.internal.Invoker.invokeTestMethods(Invoker.java:1231)
	at org.testng.internal.TestMethodWorker.invokeTestMethods(TestMethodWorker.java:127)
	at org.testng.internal.TestMethodWorker.run(TestMethodWorker.java:111)
	at org.testng.TestRunner.privateRun(TestRunner.java:767)
	at org.testng.TestRunner.run(TestRunner.java:617)
	at org.testng.SuiteRunner.runTest(SuiteRunner.java:334)
	at org.testng.SuiteRunner.access$000(SuiteRunner.java:37)
	at org.testng.SuiteRunner$SuiteWorker.run(SuiteRunner.java:368)
	at org.testng.internal.thread.ThreadUtil$2.call(ThreadUtil.java:64)
	at java.util.concurrent.FutureTask.run(Unknown Source)
	at java.util.concurrent.ThreadPoolExecutor.runWorker(Unknown Source)
	at java.util.concurrent.ThreadPoolExecutor$Worker.run(Unknown Source)
	at java.lang.Thread.run(Unknown Source)
]]>
            </full-stacktrace>
          </exception> <!-- java.lang.IllegalArgumentException -->
          <reporter-output>
          </reporter-output>
        </test-method> <!-- VerifyMenu_HomePage -->
        <test-method status="PASS" signature="afterTest()[pri:0, instance:WebPage.HomePageTest@3f2a3a5]" name="afterTest" is-config="true" duration-ms="829" started-at="2019-04-12T04:58:59Z" finished-at="2019-04-12T04:59:00Z">
          <reporter-output>
          </reporter-output>
        </test-method> <!-- afterTest -->
      </class> <!-- WebPage.HomePageTest -->
    </test> <!-- firefoxTest -->
  </suite> <!-- Suite -->
</testng-results>
